     1                                 %line 1+1 example.asm
     2                                 [section .data]
     3                                 
     4                                  LF equ 10
     5                                  NULL equ 0
     6                                  TRUE equ 1
     7                                  FALSE equ 0
     8                                  EXIT_SUCCESS equ 0
     9                                  STDIN equ 0
    10                                  STDOUT equ 1
    11                                  STDERR equ 2
    12                                 
    13                                  SYS_read equ 0
    14                                  SYS_write equ 1
    15                                  SYS_open equ 2
    16                                  SYS_close equ 3
    17                                  SYS_fork equ 57
    18                                  SYS_exit equ 60
    19                                  SYS_creat equ 85
    20                                  SYS_time equ 201
    21                                 
    22                                  O_CREAT equ 0x40
    23                                  O_TRUNC equ 0x200
    24                                  O_APPEND equ 0x400
    25                                 
    26                                  O_RDONLY equ 000000
    27                                  O_WRONLY equ 000001
    28                                  O_RDWR equ 000002
    29                                 
    30                                  S_IRUSR equ 00400
    31                                  S_IWUSR equ 00200
    32                                  S_IXUSR equ 00100
    33                                 
    34                                  count equ 10
    35 00000000 0A00                    newLine db LF, NULL
    36 00000002 0A46696C6520577269-     header db LF, "File Write Example."
    37 00000002 7465204578616D706C-
    38 00000002 652E               
    39 00000016 0A0A00                  db LF, LF, NULL
    40                                 
    41 00000019 666F6F2E74787400        file2 db "foo.txt", NULL
    42 00000021 00                      msg db 0x00
    43 00000022 0100000000000000        len2 dq $-msg
    44 0000002A 75726C2E74787400        fileName db "url.txt", NULL
    45 00000032 687474703A2F2F7777-     url db "http://www.google.com"
    46 00000032 772E676F6F676C652E-
    47 00000032 636F6D             
    48 00000047 0A00                    db LF, NULL
    49 00000049 1600000000000000        len dq $-url-1
    50 00000051 577269746520436F6D-     writeDone db "Write Completed.", LF, NULL
    51 00000051 706C657465642E0A00 
    52 00000063 0000000000000000        fileDesc dq 0
    53 0000006B 0000000000000000        fileDesc2 dq 0
    54 00000073 4572726F72206F7065-     errMsgOpen db "Error opening file.", LF, NULL
    55 00000073 6E696E672066696C65-
    56 00000073 2E0A00             
    57 00000088 4572726F7220777269-     errMsgWrite db "Error writing file.", LF, NULL
    58 00000088 74696E672066696C65-
    59 00000088 2E0A00             
    60                                 
    61 0000009D 48C7C7[00000000]        mov rdi, header
    62 000000A4 E8(F6FFFFFF)            call printstring
    63                                 
    64                                 [section .text]
    65                                 
    66                                 openInputFile:
    67 00000000 48C7C055000000          mov rax, SYS_creat
    68 00000007 48C7C7[00000000]        mov rdi, fileName
    69 0000000E 48C7C680010000          mov rsi, S_IRUSR | S_IWUSR
    70 00000015 0F05                    syscall
    71                                 
    72 00000017 4883F800                cmp rax, 0
    73 0000001B 0F8CD0000000            jl errorOnOpen
    74                                 
    75 00000021 48890425[00000000]      mov qword [fileDesc], rax
    76                                 
    77 00000029 48C7C001000000          mov rax, SYS_write
    78 00000030 488B3C25[00000000]      mov rdi, qword [fileDesc]
    79 00000038 48C7C6[00000000]        mov rsi, url
    80 0000003F 488B1425[00000000]      mov rdx, qword [len]
    81 00000047 0F05                    syscall
    82                                 
    83 00000049 4883F800                cmp rax, 0
    84 0000004D 0F8CAC000000            jl errorOnWrite
    85                                 
    86 00000053 48C7C7[00000000]        mov rdi, writeDone
    87 0000005A E8BF000000              call printstring
    88                                 
    89 0000005F 48C7C003000000          mov rax, SYS_close
    90 00000066 488B3C25[00000000]      mov rdi, qword [fileDesc]
    91 0000006E 0F05                    syscall
    92                                 
    93 00000070 E999000000              jmp exampleDone
    94                                 
    95                                 openInputFile2:
    96 00000075 48C7C055000000          mov rax, SYS_creat
    97 0000007C 48C7C7[00000000]        mov rdi, file2
    98 00000083 48C7C680010000          mov rsi, S_IRUSR | S_IWUSR
    99 0000008A 0F05                    syscall
   100                                 
   101 0000008C 4883F800                cmp rax, 0
   102 00000090 7C63                    jl errorOnOpen
   103                                 
   104 00000092 48890425[00000000]      mov qword [fileDesc2], rax
   105                                 
   106 0000009A 49C7C00A000000          mov r8, count
   107                                 
   108                                 WriteLoop:
   109                                 
   110 000000A1 4983E801                sub r8, 1
   111 000000A5 743B                    jz startClose
   112                                 
   113 000000A7 48C7C001000000          mov rax, SYS_write
   114 000000AE 488B3C25[00000000]      mov rdi, qword [fileDesc2]
   115 000000B6 48C7C6[00000000]        mov rsi, msg
   116 000000BD 488B1425[00000000]      mov rdx, qword [len2]
   117 000000C5 0F05                    syscall
   118                                 
   119 000000C7 4883F800                cmp rax, 0
   120 000000CB 7C36                    jl errorOnWrite
   121                                 
   122 000000CD 48C7C7[00000000]        mov rdi, writeDone
   123 000000D4 E845000000              call printstring
   124                                 
   125 000000D9 66830425[00000000]-     add WORD [msg], 1
   126 000000D9 01                 
   127 000000E2 EBBB                    jmp WriteLoop
   128                                 
   129                                 startClose:
   130 000000E4 48C7C003000000          mov rax, SYS_close
   131 000000EB 488B3C25[00000000]      mov rdi, qword [fileDesc2]
   132 000000F3 0F05                    syscall
   133                                 
   134 000000F5 EB1A                    jmp exampleDone
   135                                 
   136                                 errorOnOpen:
   137 000000F7 48C7C7[00000000]        mov rdi, errMsgOpen
   138 000000FE E81B000000              call printstring
   139                                 
   140 00000103 EB0C                    jmp exampleDone
   141                                 
   142                                 errorOnWrite:
   143 00000105 48C7C7[00000000]        mov rdi, errMsgWrite
   144 0000010C E80D000000              call printstring
   145                                 
   146 00000111 EBFE                    jmp exampleDone
   147                                 
   148                                 exampleDone:
   149 00000113 48C7C03C000000          mov rax, SYS_exit
   150 0000011A 48C7C700000000          mov rdi, EXIT_SUCCESS
   151 00000121 0F05                    syscall
   152                                 
   153                                 
   154                                 [global printstring]
   155                                 
   156                                 printstring:
   157 00000123 55                      push rbp
   158 00000124 4889E5                  mov rbp,rsp
   159 00000127 53                      push rbx
   160                                 
   161 00000128 4889FB                  mov rbx, rdi
   162 0000012B 48C7C200000000          mov rdx, 0
   163                                 
   164                                 strCountLoop:
   165 00000132 803B00                  cmp byte [rbx], NULL
   166 00000135 7406                    je strCountDone
   167 00000137 48FFC2                  inc rdx
   168 0000013A 48FFC3                  inc rbx
   169 0000013D EBF1                    jmp strCountLoop
   170                                 
   171                                 strCountDone:
   172 0000013F 4883FA00                cmp rdx, 0
   173 00000143 7411                    je ptrDone
   174                                 
   175 00000145 48C7C001000000          mov rax, SYS_write
   176 0000014C 4889FE                  mov rsi, rdi
   177 0000014F 48C7C701000000          mov rdi, STDOUT
   178                                 
   179 00000156 0F05                    syscall
   180                                 
   181                                 ptrDone:
   182 00000158 5B                      pop rbx
   183 00000159 5D                      pop rbp
   184 0000015A C3                      ret
   185                                 
   186                                 [global _start]
   187                                 
   188                                 _start:
   189 0000015B E810FFFFFF              call openInputFile2
