     1                                 %line 1+1 seqbe.asm
     2                                 [section .data]
     3                                 
     4                                  LF equ 10
     5                                  NULL equ 0
     6                                  TRUE equ 1
     7                                  FALSE equ 0
     8                                  EXIT_SUCCESS equ 0
     9                                  STDIN equ 0
    10                                  STDOUT equ 1
    11                                  STDERR equ 2
    12                                 
    13                                  SYS_read equ 0
    14                                  SYS_write equ 1
    15                                  SYS_open equ 2
    16                                  SYS_close equ 3
    17                                  SYS_fork equ 57
    18                                  SYS_exit equ 60
    19                                  SYS_creat equ 85
    20                                  SYS_time equ 201
    21                                 
    22                                  O_CREAT equ 0x40
    23                                  O_TRUNC equ 0x200
    24                                  O_APPEND equ 0x400
    25                                 
    26                                  O_RDONLY equ 000000
    27                                  O_WRONLY equ 000001
    28                                  O_RDWR equ 000002
    29                                 
    30                                  S_IRUSR equ 00400
    31                                  S_IWUSR equ 00200
    32                                  S_IXUSR equ 00100
    33                                 
    34                                  count equ 10
    35 00000000 0A00                    newLine db LF, NULL
    36 00000002 0A46696C6520577269-     header db LF, "File Write Example."
    37 00000002 7465204578616D706C-
    38 00000002 652E               
    39 00000016 0A0A00                  db LF, LF, NULL
    40                                 
    41 00000019 666F6F2E74787400        fileName db "foo.txt", NULL
    42 00000021 00                      msg db 0x00
    43 00000022 0100000000000000        len dq $-msg
    44 0000002A 577269746520436F6D-     writeDone db "Write Completed.", LF, NULL
    45 0000002A 706C657465642E0A00 
    46 0000003C 0000000000000000        fileDesc dq 0
    47 00000044 4572726F72206F7065-     errMsgOpen db "Error opening file.", LF, NULL
    48 00000044 6E696E672066696C65-
    49 00000044 2E0A00             
    50 00000059 4572726F7220777269-     errMsgWrite db "Error writing file.", LF, NULL
    51 00000059 74696E672066696C65-
    52 00000059 2E0A00             
    53                                 
    54 0000006E 48C7C7[00000000]        mov rdi, header
    55 00000075 E8(F6FFFFFF)            call printstring
    56                                 
    57                                 [section .text]
    58                                 
    59                                 openInputFile:
    60 00000000 48C7C055000000          mov rax, SYS_creat
    61 00000007 48C7C7[00000000]        mov rdi, fileName
    62 0000000E 48C7C680010000          mov rsi, S_IRUSR | S_IWUSR
    63 00000015 0F05                    syscall
    64                                 
    65 00000017 4883F800                cmp rax, 0
    66 0000001B 0F8C91000000            jl errorOnOpen
    67                                 
    68 00000021 48890425[00000000]      mov qword [fileDesc], rax
    69                                 
    70 00000029 48C7C001000000          mov rax, SYS_write
    71 00000030 488B3C25[00000000]      mov rdi, qword [fileDesc]
    72 00000038 48C7C6[00000000]        mov rsi, msg
    73 0000003F 488B1425[00000000]      mov rdx, qword [len]
    74 00000047 0F05                    syscall
    75                                 
    76 00000049 4883F800                cmp rax, 0
    77 0000004D 7C75                    jl errorOnWrite
    78                                 
    79 0000004F 48C7C7[00000000]        mov rdi, writeDone
    80 00000056 E884000000              call printstring
    81                                 
    82 0000005B 49C7C00A000000          mov r8, count
    83                                 
    84                                 WriteLoop:
    85                                 
    86 00000062 4983E801                sub r8, 1
    87 00000066 743B                    jz startClose
    88                                 
    89 00000068 48C7C001000000          mov rax, SYS_write
    90 0000006F 488B3C25[00000000]      mov rdi, qword [fileDesc]
    91 00000077 48C7C6[00000000]        mov rsi, msg
    92 0000007E 488B1425[00000000]      mov rdx, qword [len]
    93 00000086 0F05                    syscall
    94                                 
    95 00000088 4883F800                cmp rax, 0
    96 0000008C 7C36                    jl errorOnWrite
    97                                 
    98 0000008E 48C7C7[00000000]        mov rdi, writeDone
    99 00000095 E845000000              call printstring
   100                                 
   101 0000009A 66830425[00000000]-     add WORD [msg], 1
   102 0000009A 01                 
   103 000000A3 EBBB                    jmp WriteLoop
   104                                 
   105                                 startClose:
   106 000000A5 48C7C003000000          mov rax, SYS_close
   107 000000AC 488B3C25[00000000]      mov rdi, qword [fileDesc]
   108 000000B4 0F05                    syscall
   109                                 
   110 000000B6 EB1A                    jmp exampleDone
   111                                 
   112                                 errorOnOpen:
   113 000000B8 48C7C7[00000000]        mov rdi, errMsgOpen
   114 000000BF E81B000000              call printstring
   115                                 
   116 000000C4 EB0C                    jmp exampleDone
   117                                 
   118                                 errorOnWrite:
   119 000000C6 48C7C7[00000000]        mov rdi, errMsgWrite
   120 000000CD E80D000000              call printstring
   121                                 
   122 000000D2 EBFE                    jmp exampleDone
   123                                 
   124                                 exampleDone:
   125 000000D4 48C7C03C000000          mov rax, SYS_exit
   126 000000DB 48C7C700000000          mov rdi, EXIT_SUCCESS
   127 000000E2 0F05                    syscall
   128                                 
   129                                 [global printstring]
   130                                 
   131                                 printstring:
   132 000000E4 55                      push rbp
   133 000000E5 4889E5                  mov rbp,rsp
   134 000000E8 53                      push rbx
   135                                 
   136 000000E9 4889FB                  mov rbx, rdi
   137 000000EC 48C7C200000000          mov rdx, 0
   138                                 
   139                                 strCountLoop:
   140 000000F3 803B00                  cmp byte [rbx], NULL
   141 000000F6 7406                    je strCountDone
   142 000000F8 48FFC2                  inc rdx
   143 000000FB 48FFC3                  inc rbx
   144 000000FE EBF1                    jmp strCountLoop
   145                                 
   146                                 strCountDone:
   147 00000100 4883FA00                cmp rdx, 0
   148 00000104 7411                    je ptrDone
   149                                 
   150 00000106 48C7C001000000          mov rax, SYS_write
   151 0000010D 4889FE                  mov rsi, rdi
   152 00000110 48C7C701000000          mov rdi, STDOUT
   153                                 
   154 00000117 0F05                    syscall
   155                                 
   156                                 ptrDone:
   157 00000119 5B                      pop rbx
   158 0000011A 5D                      pop rbp
   159 0000011B C3                      ret
   160                                 
   161                                 [global _start]
   162                                 
   163                                 _start:
   164 0000011C E8DAFEFFFF              call openInputFile
